<?xml version="1.0" encoding="UTF-8"?>
<!-- Generated by org.testng.reporters.JUnitXMLReporter -->
<testsuite ignored="0" hostname="DESKTOP-EB9O5J4" failures="0" tests="4" name="chromeTest" time="50.629" errors="0" timestamp="2023-02-13T19:30:30 IST">
  <testcase classname="testNgPack.TestNgAuto" name="verifyPrivacyPolicy" time="4.824"/>
  <testcase classname="testNgPack.TestNgAuto" name="verifyTermsLink" time="5.545"/>
  <testcase classname="testNgPack.TestNgMate" name="verifyPrivacyPolicy123" time="6.67"/>
  <testcase classname="testNgPack.TestNgMate" name="verifyTermsLink123" time="5.326"/>
</testsuite> <!-- chromeTest -->
