<?xml version="1.0" encoding="UTF-8"?>
<!-- Generated by org.testng.reporters.JUnitXMLReporter -->
<testsuite ignored="0" hostname="DESKTOP-EB9O5J4" failures="0" tests="2" name="Test" time="6.398" errors="0" timestamp="2023-02-13T14:18:03 IST">
  <testcase classname="testNgPack.TestNgAuto" name="@BeforeClass objectCreate" time="-1.676278083584E9">
    <failure type="org.testng.TestNGException" message="
Can inject only one of &amp;lt;ITestContext, XmlTest&amp;gt; into a @BeforeClass annotated objectCreate.
For more information on native dependency injection please refer to https://testng.org/doc/documentation-main.html#native-dependency-injection">
      <![CDATA[org.testng.TestNGException: 
Can inject only one of <ITestContext, XmlTest> into a @BeforeClass annotated objectCreate.
For more information on native dependency injection please refer to https://testng.org/doc/documentation-main.html#native-dependency-injection
at java.base/java.util.ArrayList.forEach(ArrayList.java:1511)
... Removed 22 stack frames]]>
    </failure>
  </testcase> <!-- @BeforeClass objectCreate -->
  <testcase classname="testNgPack.TestNgAuto" name="@BeforeMethod signupForm" time="-1.676278083619E9">
    <skipped/>
  </testcase> <!-- @BeforeMethod signupForm -->
  <testcase classname="testNgPack.TestNgAuto" name="@AfterMethod closedCrrentTab" time="-1.676278083635E9">
    <skipped/>
  </testcase> <!-- @AfterMethod closedCrrentTab -->
  <testcase classname="testNgPack.TestNgAuto" name="@BeforeMethod signupForm" time="-1.67627808364E9">
    <skipped/>
  </testcase> <!-- @BeforeMethod signupForm -->
  <testcase classname="testNgPack.TestNgAuto" name="@AfterMethod closedCrrentTab" time="-1.676278083664E9">
    <skipped/>
  </testcase> <!-- @AfterMethod closedCrrentTab -->
  <testcase classname="testNgPack.TestNgAuto" name="@AfterClass clearObject" time="-1.676278083668E9">
    <skipped/>
  </testcase> <!-- @AfterClass clearObject -->
  <testcase classname="testNgPack.TestNgAuto" name="@AfterTest closeBrowser" time="-1.676278083672E9">
    <skipped/>
  </testcase> <!-- @AfterTest closeBrowser -->
  <testcase classname="testNgPack.TestNgAuto" name="verifyPrivacyPolicy" time="0.0">
    <skipped/>
  </testcase> <!-- verifyPrivacyPolicy -->
  <testcase classname="testNgPack.TestNgAuto" name="verifyTermsLink" time="0.0">
    <skipped/>
  </testcase> <!-- verifyTermsLink -->
</testsuite> <!-- Test -->
