<?xml version="1.0" encoding="UTF-8"?>
<testng-results ignored="0" total="4" passed="4" failed="0" skipped="0">
  <reporter-output>
  </reporter-output>
  <suite started-at="2023-02-13T19:29:40 IST" name="Suite" finished-at="2023-02-13T19:30:30 IST" duration-ms="50629">
    <groups>
    </groups>
    <test started-at="2023-02-13T19:29:40 IST" name="chromeTest" finished-at="2023-02-13T19:30:30 IST" duration-ms="50629">
      <class name="testNgPack.TestNgMate">
        <test-method is-config="true" signature="openBrowser123(java.lang.String)[pri:0, instance:testNgPack.TestNgMate@30ee2816]" started-at="2023-02-13T19:29:46 IST" name="openBrowser123" finished-at="2023-02-13T19:29:48 IST" duration-ms="2223" status="PASS">
          <params>
            <param index="0">
              <value>
                <![CDATA[Chrome]]>
              </value>
            </param>
          </params>
          <reporter-output>
          </reporter-output>
        </test-method> <!-- openBrowser123 -->
        <test-method is-config="true" signature="objectCreate123()[pri:0, instance:testNgPack.TestNgMate@30ee2816]" started-at="2023-02-13T19:30:08 IST" name="objectCreate123" finished-at="2023-02-13T19:30:08 IST" duration-ms="2" status="PASS">
          <reporter-output>
          </reporter-output>
        </test-method> <!-- objectCreate123 -->
        <test-method is-config="true" signature="signupForm123()[pri:0, instance:testNgPack.TestNgMate@30ee2816]" started-at="2023-02-13T19:30:08 IST" name="signupForm123" finished-at="2023-02-13T19:30:13 IST" duration-ms="5222" status="PASS">
          <reporter-output>
          </reporter-output>
        </test-method> <!-- signupForm123 -->
        <test-method signature="verifyPrivacyPolicy123()[pri:0, instance:testNgPack.TestNgMate@30ee2816]" started-at="2023-02-13T19:30:13 IST" name="verifyPrivacyPolicy123" finished-at="2023-02-13T19:30:20 IST" duration-ms="6670" status="PASS">
          <reporter-output>
          </reporter-output>
        </test-method> <!-- verifyPrivacyPolicy123 -->
        <test-method is-config="true" signature="closedCrrentTab123()[pri:0, instance:testNgPack.TestNgMate@30ee2816]" started-at="2023-02-13T19:30:20 IST" name="closedCrrentTab123" finished-at="2023-02-13T19:30:20 IST" duration-ms="152" status="PASS">
          <reporter-output>
          </reporter-output>
        </test-method> <!-- closedCrrentTab123 -->
        <test-method is-config="true" signature="signupForm123()[pri:0, instance:testNgPack.TestNgMate@30ee2816]" started-at="2023-02-13T19:30:20 IST" name="signupForm123" finished-at="2023-02-13T19:30:22 IST" duration-ms="2517" status="PASS">
          <reporter-output>
          </reporter-output>
        </test-method> <!-- signupForm123 -->
        <test-method signature="verifyTermsLink123()[pri:0, instance:testNgPack.TestNgMate@30ee2816]" started-at="2023-02-13T19:30:22 IST" name="verifyTermsLink123" finished-at="2023-02-13T19:30:28 IST" duration-ms="5326" status="PASS">
          <reporter-output>
          </reporter-output>
        </test-method> <!-- verifyTermsLink123 -->
        <test-method is-config="true" signature="closedCrrentTab123()[pri:0, instance:testNgPack.TestNgMate@30ee2816]" started-at="2023-02-13T19:30:28 IST" name="closedCrrentTab123" finished-at="2023-02-13T19:30:28 IST" duration-ms="144" status="PASS">
          <reporter-output>
          </reporter-output>
        </test-method> <!-- closedCrrentTab123 -->
        <test-method is-config="true" signature="clearObject123()[pri:0, instance:testNgPack.TestNgMate@30ee2816]" started-at="2023-02-13T19:30:28 IST" name="clearObject123" finished-at="2023-02-13T19:30:28 IST" duration-ms="1" status="PASS">
          <reporter-output>
          </reporter-output>
        </test-method> <!-- clearObject123 -->
        <test-method is-config="true" signature="closeBrowser123()[pri:0, instance:testNgPack.TestNgMate@30ee2816]" started-at="2023-02-13T19:30:29 IST" name="closeBrowser123" finished-at="2023-02-13T19:30:30 IST" duration-ms="1060" status="PASS">
          <reporter-output>
          </reporter-output>
        </test-method> <!-- closeBrowser123 -->
      </class> <!-- testNgPack.TestNgMate -->
      <class name="testNgPack.TestNgAuto">
        <test-method is-config="true" signature="openBrowser(java.lang.String)[pri:0, instance:testNgPack.TestNgAuto@6580cfdd]" started-at="2023-02-13T19:29:40 IST" name="openBrowser" finished-at="2023-02-13T19:29:46 IST" duration-ms="6130" status="PASS">
          <params>
            <param index="0">
              <value>
                <![CDATA[Chrome]]>
              </value>
            </param>
          </params>
          <reporter-output>
          </reporter-output>
        </test-method> <!-- openBrowser -->
        <test-method is-config="true" signature="objectCreate()[pri:0, instance:testNgPack.TestNgAuto@6580cfdd]" started-at="2023-02-13T19:29:48 IST" name="objectCreate" finished-at="2023-02-13T19:29:48 IST" duration-ms="68" status="PASS">
          <reporter-output>
          </reporter-output>
        </test-method> <!-- objectCreate -->
        <test-method is-config="true" signature="signupForm()[pri:0, instance:testNgPack.TestNgAuto@6580cfdd]" started-at="2023-02-13T19:29:48 IST" name="signupForm" finished-at="2023-02-13T19:29:55 IST" duration-ms="6834" status="PASS">
          <reporter-output>
          </reporter-output>
        </test-method> <!-- signupForm -->
        <test-method signature="verifyPrivacyPolicy()[pri:0, instance:testNgPack.TestNgAuto@6580cfdd]" started-at="2023-02-13T19:29:55 IST" name="verifyPrivacyPolicy" finished-at="2023-02-13T19:30:00 IST" duration-ms="4824" status="PASS">
          <reporter-output>
          </reporter-output>
        </test-method> <!-- verifyPrivacyPolicy -->
        <test-method is-config="true" signature="closedCrrentTab()[pri:0, instance:testNgPack.TestNgAuto@6580cfdd]" started-at="2023-02-13T19:30:00 IST" name="closedCrrentTab" finished-at="2023-02-13T19:30:00 IST" duration-ms="188" status="PASS">
          <reporter-output>
          </reporter-output>
        </test-method> <!-- closedCrrentTab -->
        <test-method is-config="true" signature="signupForm()[pri:0, instance:testNgPack.TestNgAuto@6580cfdd]" started-at="2023-02-13T19:30:00 IST" name="signupForm" finished-at="2023-02-13T19:30:02 IST" duration-ms="2072" status="PASS">
          <reporter-output>
          </reporter-output>
        </test-method> <!-- signupForm -->
        <test-method signature="verifyTermsLink()[pri:0, instance:testNgPack.TestNgAuto@6580cfdd]" started-at="2023-02-13T19:30:02 IST" name="verifyTermsLink" finished-at="2023-02-13T19:30:07 IST" duration-ms="5545" status="PASS">
          <reporter-output>
          </reporter-output>
        </test-method> <!-- verifyTermsLink -->
        <test-method is-config="true" signature="closedCrrentTab()[pri:0, instance:testNgPack.TestNgAuto@6580cfdd]" started-at="2023-02-13T19:30:07 IST" name="closedCrrentTab" finished-at="2023-02-13T19:30:08 IST" duration-ms="400" status="PASS">
          <reporter-output>
          </reporter-output>
        </test-method> <!-- closedCrrentTab -->
        <test-method is-config="true" signature="clearObject()[pri:0, instance:testNgPack.TestNgAuto@6580cfdd]" started-at="2023-02-13T19:30:08 IST" name="clearObject" finished-at="2023-02-13T19:30:08 IST" duration-ms="1" status="PASS">
          <reporter-output>
          </reporter-output>
        </test-method> <!-- clearObject -->
        <test-method is-config="true" signature="closeBrowser()[pri:0, instance:testNgPack.TestNgAuto@6580cfdd]" started-at="2023-02-13T19:30:28 IST" name="closeBrowser" finished-at="2023-02-13T19:30:29 IST" duration-ms="1160" status="PASS">
          <reporter-output>
          </reporter-output>
        </test-method> <!-- closeBrowser -->
      </class> <!-- testNgPack.TestNgAuto -->
    </test> <!-- chromeTest -->
  </suite> <!-- Suite -->
</testng-results>
